2020-02-16 23:34:58,382 [5] INFO StarWarsAPI.Controllers.StarWarsController - GetMostAppearedSpecies Method start
2020-02-16 23:48:02,633 [11] INFO StarWarsAPI.Controllers.StarWarsController - GetMostAppearedSpecies Method start
2020-02-16 23:49:57,148 [10] INFO StarWarsAPI.Controllers.StarWarsController - GetMostAppearedSpecies Method start
2020-02-16 23:53:38,519 [7] INFO StarWarsAPI.Controllers.StarWarsController - GetVehiclePilots Method start
2020-02-17 19:55:04,039 [14] INFO StarWarsAPI.Controllers.StarWarsController - GetOpeningCrawl Method start
2020-02-17 19:56:28,938 [19] INFO StarWarsAPI.Controllers.StarWarsController - GetOpeningCrawl Method start
2020-02-17 19:56:53,066 [19] INFO StarWarsAPI.Controllers.StarWarsController - GetOpeningCrawl Method start
2020-02-17 19:57:09,136 [19] INFO StarWarsAPI.Controllers.StarWarsController - GetOpeningCrawl Method start
2020-02-17 19:57:33,848 [21] INFO StarWarsAPI.Controllers.StarWarsController - GetOpeningCrawl Method start
2020-02-17 20:00:26,981 [21] INFO StarWarsAPI.Controllers.StarWarsController - GetOpeningCrawl Method start
2020-02-17 20:02:28,063 [21] INFO StarWarsAPI.Controllers.StarWarsController - GetOpeningCrawl Method start
2020-02-17 20:05:39,041 [21] INFO StarWarsAPI.Controllers.StarWarsController - GetOpeningCrawl Method start
2020-02-17 20:06:21,191 [21] INFO StarWarsAPI.Controllers.StarWarsController - GetOpeningCrawl Method start
2020-02-17 20:09:28,813 [6] INFO StarWarsAPI.Controllers.StarWarsController - GetOpeningCrawl Method start
2020-02-17 20:11:50,032 [5] INFO StarWarsAPI.Controllers.StarWarsController - GetOpeningCrawl Method start
2020-02-17 20:12:12,287 [5] INFO StarWarsAPI.Controllers.StarWarsController - GetOpeningCrawl Method start
2020-02-17 20:13:31,479 [6] INFO StarWarsAPI.Controllers.StarWarsController - GetOpeningCrawl Method start
2020-02-17 20:14:03,227 [6] INFO StarWarsAPI.Controllers.StarWarsController - GetOpeningCrawl Method start
2020-02-17 20:14:14,769 [7] INFO StarWarsAPI.Controllers.StarWarsController - GetOpeningCrawl Method start
2020-02-17 20:14:42,888 [7] INFO StarWarsAPI.Controllers.StarWarsController - GetOpeningCrawl Method start
2020-02-17 20:19:51,861 [7] INFO StarWarsAPI.Controllers.StarWarsController - GetOpeningCrawl Method start
2020-02-17 20:20:27,204 [13] INFO StarWarsAPI.Controllers.StarWarsController - GetOpeningCrawl Method start
2020-02-17 20:20:46,483 [15] INFO StarWarsAPI.Controllers.StarWarsController - GetOpeningCrawl Method start
2020-02-17 20:23:20,675 [15] INFO StarWarsAPI.Controllers.StarWarsController - GetOpeningCrawl Method start
2020-02-17 20:23:39,369 [7] INFO StarWarsAPI.Controllers.StarWarsController - GetOpeningCrawl Method start
2020-02-17 20:25:18,127 [7] INFO StarWarsAPI.Controllers.StarWarsController - GetOpeningCrawl Method start
2020-02-17 20:26:17,657 [7] INFO StarWarsAPI.Controllers.StarWarsController - GetOpeningCrawl Method start
2020-02-17 20:26:58,750 [17] INFO StarWarsAPI.Controllers.StarWarsController - GetOpeningCrawl Method start
2020-02-17 20:27:03,014 [7] INFO StarWarsAPI.Controllers.StarWarsController - GetOpeningCrawl Method start
2020-02-17 20:27:44,616 [17] INFO StarWarsAPI.Controllers.StarWarsController - GetOpeningCrawl Method start
2020-02-17 20:30:30,525 [7] INFO StarWarsAPI.Controllers.StarWarsController - GetOpeningCrawl Method start
2020-02-17 20:30:40,729 [7] INFO StarWarsAPI.Controllers.StarWarsController - GetOpeningCrawl Method start
2020-02-17 20:30:43,834 [8] INFO StarWarsAPI.Controllers.StarWarsController - GetOpeningCrawl Method start
2020-02-17 20:32:27,591 [9] INFO StarWarsAPI.Controllers.StarWarsController - GetOpeningCrawl Method start
2020-02-17 20:32:38,210 [8] INFO StarWarsAPI.Controllers.StarWarsController - GetOpeningCrawl Method start
2020-02-17 20:36:35,053 [9] INFO StarWarsAPI.Controllers.StarWarsController - GetOpeningCrawl Method start
2020-02-17 20:37:24,759 [8] INFO StarWarsAPI.Controllers.StarWarsController - GetOpeningCrawl Method start
2020-02-17 20:39:28,019 [10] INFO StarWarsAPI.Controllers.StarWarsController - GetOpeningCrawl Method start
2020-02-17 20:41:19,307 [9] INFO StarWarsAPI.Controllers.StarWarsController - GetOpeningCrawl Method start
2020-02-17 20:41:24,838 [10] INFO StarWarsAPI.Controllers.StarWarsController - GetOpeningCrawl Method start
2020-02-17 20:41:42,363 [9] INFO StarWarsAPI.Controllers.StarWarsController - GetOpeningCrawl Method start
2020-02-17 20:41:47,188 [10] INFO StarWarsAPI.Controllers.StarWarsController - GetOpeningCrawl Method start
2020-02-17 20:50:00,100 [7] INFO StarWarsAPI.Controllers.StarWarsController - GetOpeningCrawl Method start
2020-02-17 20:50:49,817 [5] INFO StarWarsAPI.Controllers.StarWarsController - GetOpeningCrawl Method start
2020-02-17 20:54:11,896 [6] INFO StarWarsAPI.Controllers.StarWarsController - GetOpeningCrawl Method start
2020-02-17 20:54:49,131 [6] INFO StarWarsAPI.Controllers.StarWarsController - GetOpeningCrawl Method start
2020-02-17 20:54:54,832 [7] INFO StarWarsAPI.Controllers.StarWarsController - GetOpeningCrawl Method start
2020-02-17 20:55:34,848 [7] INFO StarWarsAPI.Controllers.StarWarsController - GetOpeningCrawl Method start
2020-02-17 20:56:56,176 [6] INFO StarWarsAPI.Controllers.StarWarsController - GetOpeningCrawl Method start
2020-02-17 20:57:17,631 [13] INFO StarWarsAPI.Controllers.StarWarsController - GetOpeningCrawl Method start
2020-02-17 20:59:01,282 [7] INFO StarWarsAPI.Controllers.StarWarsController - GetOpeningCrawl Method start
2020-02-17 21:00:06,511 [6] INFO StarWarsAPI.Controllers.StarWarsController - GetOpeningCrawl Method start
2020-02-17 21:00:42,466 [5] INFO StarWarsAPI.Controllers.StarWarsController - GetOpeningCrawl Method start
2020-02-17 21:02:17,657 [5] INFO StarWarsAPI.Controllers.StarWarsController - GetOpeningCrawl Method start
2020-02-17 21:02:29,067 [5] INFO StarWarsAPI.Controllers.StarWarsController - GetOpeningCrawl Method start
2020-02-17 21:09:02,070 [5] INFO StarWarsAPI.Controllers.StarWarsController - GetOpeningCrawl Method start
2020-02-17 21:10:32,213 [5] INFO StarWarsAPI.Controllers.StarWarsController - GetOpeningCrawl Method start
2020-02-17 21:11:10,521 [5] INFO StarWarsAPI.Controllers.StarWarsController - GetOpeningCrawl Method start
2020-02-17 21:11:13,600 [14] INFO StarWarsAPI.Controllers.StarWarsController - GetOpeningCrawl Method start
2020-02-17 21:13:27,826 [5] INFO StarWarsAPI.Controllers.StarWarsController - GetOpeningCrawl Method start
2020-02-17 21:14:09,484 [5] INFO StarWarsAPI.Controllers.StarWarsController - GetOpeningCrawl Method start
2020-02-17 21:14:19,852 [5] INFO StarWarsAPI.Controllers.StarWarsController - GetOpeningCrawl Method start
2020-02-17 21:14:33,485 [18] INFO StarWarsAPI.Controllers.StarWarsController - GetOpeningCrawl Method start
2020-02-17 21:15:09,694 [5] INFO StarWarsAPI.Controllers.StarWarsController - GetOpeningCrawl Method start
2020-02-17 21:15:16,262 [17] INFO StarWarsAPI.Controllers.StarWarsController - GetOpeningCrawl Method start
2020-02-17 21:17:36,679 [6] INFO StarWarsAPI.Controllers.StarWarsController - GetOpeningCrawl Method start
2020-02-17 21:19:45,956 [5] INFO StarWarsAPI.Controllers.StarWarsController - GetOpeningCrawl Method start
2020-02-17 21:24:46,511 [7] INFO StarWarsAPI.Controllers.StarWarsController - GetOpeningCrawl Method start
2020-02-17 21:25:23,877 [13] INFO StarWarsAPI.Controllers.StarWarsController - GetOpeningCrawl Method start
2020-02-17 21:26:24,000 [13] INFO StarWarsAPI.Controllers.StarWarsController - GetOpeningCrawl Method start
2020-02-17 21:30:23,453 [7] INFO StarWarsAPI.Controllers.StarWarsController - GetOpeningCrawl Method start
2020-02-17 21:31:28,372 [17] INFO StarWarsAPI.Controllers.StarWarsController - GetOpeningCrawl Method start
2020-02-17 21:57:30,135 [34] INFO StarWarsAPI.Controllers.StarWarsController - GetOpeningCrawl Method start
2020-02-17 21:59:19,199 [32] INFO StarWarsAPI.Controllers.StarWarsController - GetOpeningCrawl Method start
2020-02-17 22:26:21,928 [32] INFO StarWarsAPI.Controllers.StarWarsController - GetOpeningCrawl Method start
2020-02-17 22:26:40,783 [32] INFO StarWarsAPI.Controllers.StarWarsController - GetOpeningCrawl Method start
2020-02-17 22:28:05,276 [32] INFO StarWarsAPI.Controllers.StarWarsController - GetOpeningCrawl Method start
2020-02-17 22:28:34,859 [32] INFO StarWarsAPI.Controllers.StarWarsController - GetOpeningCrawl Method start
2020-02-17 22:29:28,528 [34] INFO StarWarsAPI.Controllers.StarWarsController - GetOpeningCrawl Method start
2020-02-17 22:29:47,462 [32] INFO StarWarsAPI.Controllers.StarWarsController - GetOpeningCrawl Method start
2020-02-17 22:30:11,193 [34] INFO StarWarsAPI.Controllers.StarWarsController - GetOpeningCrawl Method start
2020-02-17 22:30:57,235 [55] INFO StarWarsAPI.Controllers.StarWarsController - GetOpeningCrawl Method start
2020-02-17 22:34:00,186 [34] INFO StarWarsAPI.Controllers.StarWarsController - GetOpeningCrawl Method start
2020-02-17 22:36:11,654 [34] INFO StarWarsAPI.Controllers.StarWarsController - GetOpeningCrawl Method start
2020-02-17 22:52:02,533 [62] INFO StarWarsAPI.Controllers.StarWarsController - GetOpeningCrawl Method start
2020-02-17 23:46:16,226 [7] INFO StarWarsAPI.Controllers.StarWarsController - GetOpeningCrawl Method start
2020-02-17 23:47:19,295 [8] INFO StarWarsAPI.Controllers.StarWarsController - GetOpeningCrawl Method start
2020-02-17 23:47:52,489 [7] INFO StarWarsAPI.Controllers.StarWarsController - GetOpeningCrawl Method start
2020-02-17 23:47:56,770 [7] INFO StarWarsAPI.Controllers.StarWarsController - GetOpeningCrawl Method start
2020-02-17 23:48:36,345 [7] INFO StarWarsAPI.Controllers.StarWarsController - GetOpeningCrawl Method start
2020-02-17 23:50:00,236 [9] INFO StarWarsAPI.Controllers.StarWarsController - GetOpeningCrawl Method start
2020-02-17 23:50:32,563 [9] INFO StarWarsAPI.Controllers.StarWarsController - GetOpeningCrawl Method start
2020-02-17 23:52:11,197 [11] INFO StarWarsAPI.Controllers.StarWarsController - GetOpeningCrawl Method start
2020-02-17 23:53:04,439 [12] INFO StarWarsAPI.Controllers.StarWarsController - GetOpeningCrawl Method start
2020-02-17 23:57:22,246 [15] INFO StarWarsAPI.Controllers.StarWarsController - GetOpeningCrawl Method start
2020-02-17 23:57:33,170 [15] INFO StarWarsAPI.Controllers.StarWarsController - GetOpeningCrawl Method start
2020-02-17 23:59:00,609 [18] INFO StarWarsAPI.Controllers.StarWarsController - GetOpeningCrawl Method start
2020-02-17 23:59:55,118 [15] INFO StarWarsAPI.Controllers.StarWarsController - GetOpeningCrawl Method start
2020-02-18 00:02:21,199 [16] INFO StarWarsAPI.Controllers.StarWarsController - GetOpeningCrawl Method start
2020-02-18 00:03:30,209 [18] INFO StarWarsAPI.Controllers.StarWarsController - GetOpeningCrawl Method start
2020-02-18 00:04:13,070 [19] INFO StarWarsAPI.Controllers.StarWarsController - GetOpeningCrawl Method start
2020-02-18 00:04:23,627 [22] INFO StarWarsAPI.Controllers.StarWarsController - GetOpeningCrawl Method start
2020-02-18 00:04:28,299 [19] INFO StarWarsAPI.Controllers.StarWarsController - GetOpeningCrawl Method start
2020-02-18 00:10:37,596 [24] INFO StarWarsAPI.Controllers.StarWarsController - GetOpeningCrawl Method start
2020-02-18 00:12:26,767 [27] INFO StarWarsAPI.Controllers.StarWarsController - GetOpeningCrawl Method start
2020-02-18 00:12:46,254 [27] INFO StarWarsAPI.Controllers.StarWarsController - GetOpeningCrawl Method start
2020-02-18 00:14:22,424 [29] INFO StarWarsAPI.Controllers.StarWarsController - GetOpeningCrawl Method start
2020-02-18 00:19:42,314 [32] INFO StarWarsAPI.Controllers.StarWarsController - GetOpeningCrawl Method start
2020-02-18 00:20:16,338 [32] INFO StarWarsAPI.Controllers.StarWarsController - GetOpeningCrawl Method start
2020-02-18 00:20:28,347 [34] INFO StarWarsAPI.Controllers.StarWarsController - GetOpeningCrawl Method start
2020-02-18 00:21:29,981 [34] INFO StarWarsAPI.Controllers.StarWarsController - GetOpeningCrawl Method start
2020-02-18 00:21:36,161 [34] INFO StarWarsAPI.Controllers.StarWarsController - GetOpeningCrawl Method start
2020-02-18 00:21:43,456 [35] INFO StarWarsAPI.Controllers.StarWarsController - GetOpeningCrawl Method start
2020-02-18 00:21:55,644 [37] INFO StarWarsAPI.Controllers.StarWarsController - GetOpeningCrawl Method start
2020-02-18 00:22:58,980 [34] INFO StarWarsAPI.Controllers.StarWarsController - GetOpeningCrawl Method start
2020-02-18 00:23:06,698 [34] INFO StarWarsAPI.Controllers.StarWarsController - GetOpeningCrawl Method start
2020-02-18 00:25:28,076 [34] INFO StarWarsAPI.Controllers.StarWarsController - GetOpeningCrawl Method start
2020-02-18 00:27:26,986 [34] INFO StarWarsAPI.Controllers.StarWarsController - GetOpeningCrawl Method start
2020-02-18 00:28:58,654 [46] INFO StarWarsAPI.Controllers.StarWarsController - GetOpeningCrawl Method start
2020-02-18 00:29:15,184 [42] INFO StarWarsAPI.Controllers.StarWarsController - GetOpeningCrawl Method start
2020-02-18 00:29:49,841 [43] INFO StarWarsAPI.Controllers.StarWarsController - GetOpeningCrawl Method start
2020-02-18 00:31:42,916 [43] INFO StarWarsAPI.Controllers.StarWarsController - GetOpeningCrawl Method start
2020-02-18 00:35:36,846 [47] INFO StarWarsAPI.Controllers.StarWarsController - GetOpeningCrawl Method start
2020-02-18 00:36:04,544 [49] INFO StarWarsAPI.Controllers.StarWarsController - GetOpeningCrawl Method start
2020-02-18 00:42:18,781 [50] INFO StarWarsAPI.Controllers.StarWarsController - GetOpeningCrawl Method start
2020-02-18 00:43:57,465 [52] INFO StarWarsAPI.Controllers.StarWarsController - GetOpeningCrawl Method start
2020-02-18 00:44:25,131 [54] INFO StarWarsAPI.Controllers.StarWarsController - GetOpeningCrawl Method start
2020-02-18 00:44:32,116 [53] INFO StarWarsAPI.Controllers.StarWarsController - GetOpeningCrawl Method start
2020-02-18 00:45:38,593 [52] INFO StarWarsAPI.Controllers.StarWarsController - GetOpeningCrawl Method start
2020-02-18 00:51:22,524 [63] INFO StarWarsAPI.Controllers.StarWarsController - GetOpeningCrawl Method start
2020-02-18 00:52:50,662 [64] INFO StarWarsAPI.Controllers.StarWarsController - GetOpeningCrawl Method start
2020-02-18 00:53:46,763 [60] INFO StarWarsAPI.Controllers.StarWarsController - GetOpeningCrawl Method start
2020-02-18 00:53:46,843 [64] INFO StarWarsAPI.Controllers.StarWarsController - GetMostAppeared Method start
2020-02-18 00:54:50,765 [65] INFO StarWarsAPI.Controllers.StarWarsController - GetMostAppeared Method start
2020-02-18 00:54:50,765 [60] INFO StarWarsAPI.Controllers.StarWarsController - GetOpeningCrawl Method start
2020-02-18 00:55:27,644 [60] INFO StarWarsAPI.Controllers.StarWarsController - GetMostAppeared Method start
2020-02-18 00:57:15,203 [65] INFO StarWarsAPI.Controllers.StarWarsController - GetMostAppeared Method start
2020-02-18 00:57:15,203 [67] INFO StarWarsAPI.Controllers.StarWarsController - GetOpeningCrawl Method start
2020-02-18 00:57:21,149 [60] INFO StarWarsAPI.Controllers.StarWarsController - GetOpeningCrawl Method start
2020-02-18 00:57:21,153 [65] INFO StarWarsAPI.Controllers.StarWarsController - GetMostAppeared Method start
2020-02-18 00:57:35,238 [65] INFO StarWarsAPI.Controllers.StarWarsController - GetOpeningCrawl Method start
2020-02-18 00:57:35,238 [67] INFO StarWarsAPI.Controllers.StarWarsController - GetMostAppeared Method start
2020-02-18 00:57:35,254 [60] INFO StarWarsAPI.Controllers.StarWarsController - GetMostAppearedSpecies Method start
2020-02-18 00:57:49,043 [60] INFO StarWarsAPI.Controllers.StarWarsController - GetMostAppeared Method start
2020-02-18 00:57:49,055 [67] INFO StarWarsAPI.Controllers.StarWarsController - GetMostAppearedSpecies Method start
2020-02-18 00:57:49,043 [65] INFO StarWarsAPI.Controllers.StarWarsController - GetOpeningCrawl Method start
2020-02-18 00:58:06,917 [65] INFO StarWarsAPI.Controllers.StarWarsController - GetMostAppeared Method start
2020-02-18 00:58:06,917 [60] INFO StarWarsAPI.Controllers.StarWarsController - GetOpeningCrawl Method start
2020-02-18 00:58:06,917 [67] INFO StarWarsAPI.Controllers.StarWarsController - GetMostAppearedSpecies Method start
2020-02-18 00:58:17,406 [65] INFO StarWarsAPI.Controllers.StarWarsController - GetMostAppearedSpecies Method start
2020-02-18 01:06:44,626 [9] INFO StarWarsAPI.Controllers.StarWarsController - GetMostAppearedSpecies Method start
2020-02-18 01:06:44,626 [7] INFO StarWarsAPI.Controllers.StarWarsController - GetMostAppeared Method start
2020-02-18 01:06:44,626 [8] INFO StarWarsAPI.Controllers.StarWarsController - GetOpeningCrawl Method start
2020-02-18 01:09:31,706 [11] INFO StarWarsAPI.Controllers.StarWarsController - GetMostAppearedSpecies Method start
2020-02-18 01:09:31,706 [9] INFO StarWarsAPI.Controllers.StarWarsController - GetOpeningCrawl Method start
2020-02-18 01:09:31,706 [10] INFO StarWarsAPI.Controllers.StarWarsController - GetMostAppeared Method start
2020-02-18 01:09:33,762 [9] INFO StarWarsAPI.Controllers.StarWarsController - GetOpeningCrawl Method start
2020-02-18 01:09:33,767 [10] INFO StarWarsAPI.Controllers.StarWarsController - GetMostAppearedSpecies Method start
2020-02-18 01:09:33,777 [11] INFO StarWarsAPI.Controllers.StarWarsController - GetMostAppeared Method start
2020-02-18 01:10:07,225 [9] INFO StarWarsAPI.Controllers.StarWarsController - GetMostAppeared Method start
2020-02-18 01:10:07,225 [10] INFO StarWarsAPI.Controllers.StarWarsController - GetOpeningCrawl Method start
2020-02-18 01:10:07,225 [11] INFO StarWarsAPI.Controllers.StarWarsController - GetMostAppearedSpecies Method start
2020-02-18 01:11:39,117 [9] INFO StarWarsAPI.Controllers.StarWarsController - GetVehiclePilots Method start
2020-02-18 01:13:39,053 [12] INFO StarWarsAPI.Controllers.StarWarsController - GetMostAppearedSpecies Method start
2020-02-18 01:13:39,054 [9] INFO StarWarsAPI.Controllers.StarWarsController - GetMostAppeared Method start
2020-02-18 01:13:39,055 [13] INFO StarWarsAPI.Controllers.StarWarsController - GetVehiclePilots Method start
2020-02-18 01:13:39,064 [14] INFO StarWarsAPI.Controllers.StarWarsController - GetOpeningCrawl Method start
2020-02-18 01:15:02,006 [14] INFO StarWarsAPI.Controllers.StarWarsController - GetOpeningCrawl Method start
2020-02-18 01:15:02,006 [13] INFO StarWarsAPI.Controllers.StarWarsController - GetMostAppearedSpecies Method start
2020-02-18 01:15:02,008 [9] INFO StarWarsAPI.Controllers.StarWarsController - GetMostAppeared Method start
2020-02-18 01:15:02,009 [15] INFO StarWarsAPI.Controllers.StarWarsController - GetVehiclePilots Method start
2020-02-18 01:20:21,198 [17] INFO StarWarsAPI.Controllers.StarWarsController - GetOpeningCrawl Method start
2020-02-18 01:20:21,198 [9] INFO StarWarsAPI.Controllers.StarWarsController - GetMostAppearedSpecies Method start
2020-02-18 01:20:21,198 [18] INFO StarWarsAPI.Controllers.StarWarsController - GetMostAppeared Method start
2020-02-18 01:20:21,198 [19] INFO StarWarsAPI.Controllers.StarWarsController - GetVehiclePilots Method start
2020-02-18 01:25:52,051 [17] INFO StarWarsAPI.Controllers.StarWarsController - GetMostAppearedSpecies Method start
2020-02-18 01:25:52,066 [19] INFO StarWarsAPI.Controllers.StarWarsController - GetVehiclePilots Method start
2020-02-18 01:25:52,068 [20] INFO StarWarsAPI.Controllers.StarWarsController - GetMostAppeared Method start
2020-02-18 01:25:52,074 [21] INFO StarWarsAPI.Controllers.StarWarsController - GetOpeningCrawl Method start
2020-02-18 01:29:05,744 [27] INFO StarWarsAPI.Controllers.StarWarsController - GetMostAppearedSpecies Method start
2020-02-18 01:29:05,744 [17] INFO StarWarsAPI.Controllers.StarWarsController - GetOpeningCrawl Method start
2020-02-18 01:29:05,747 [28] INFO StarWarsAPI.Controllers.StarWarsController - GetVehiclePilots Method start
2020-02-18 01:29:05,747 [25] INFO StarWarsAPI.Controllers.StarWarsController - GetMostAppeared Method start
2020-02-18 01:33:13,094 [30] INFO StarWarsAPI.Controllers.StarWarsController - GetMostAppeared Method start
2020-02-18 01:33:13,096 [28] INFO StarWarsAPI.Controllers.StarWarsController - GetOpeningCrawl Method start
2020-02-18 01:33:13,097 [31] INFO StarWarsAPI.Controllers.StarWarsController - GetMostAppearedSpecies Method start
2020-02-18 01:33:13,096 [29] INFO StarWarsAPI.Controllers.StarWarsController - GetVehiclePilots Method start
2020-02-18 01:33:25,960 [29] INFO StarWarsAPI.Controllers.StarWarsController - GetOpeningCrawl Method start
2020-02-18 01:33:25,960 [28] INFO StarWarsAPI.Controllers.StarWarsController - GetMostAppeared Method start
2020-02-18 01:33:25,962 [30] INFO StarWarsAPI.Controllers.StarWarsController - GetVehiclePilots Method start
2020-02-18 01:33:25,964 [31] INFO StarWarsAPI.Controllers.StarWarsController - GetMostAppearedSpecies Method start
2020-02-18 01:33:35,920 [29] INFO StarWarsAPI.Controllers.StarWarsController - GetMostAppearedSpecies Method start
2020-02-18 01:33:35,920 [30] INFO StarWarsAPI.Controllers.StarWarsController - GetVehiclePilots Method start
2020-02-18 01:33:35,921 [28] INFO StarWarsAPI.Controllers.StarWarsController - GetOpeningCrawl Method start
2020-02-18 01:33:35,925 [31] INFO StarWarsAPI.Controllers.StarWarsController - GetMostAppeared Method start
2020-02-18 01:34:10,420 [28] INFO StarWarsAPI.Controllers.StarWarsController - GetOpeningCrawl Method start
2020-02-18 01:34:10,430 [29] INFO StarWarsAPI.Controllers.StarWarsController - GetMostAppeared Method start
2020-02-18 01:34:10,430 [30] INFO StarWarsAPI.Controllers.StarWarsController - GetVehiclePilots Method start
2020-02-18 01:34:10,435 [33] INFO StarWarsAPI.Controllers.StarWarsController - GetMostAppearedSpecies Method start
2020-02-18 01:34:26,702 [28] INFO StarWarsAPI.Controllers.StarWarsController - GetVehiclePilots Method start
2020-02-18 01:34:26,704 [29] INFO StarWarsAPI.Controllers.StarWarsController - GetOpeningCrawl Method start
2020-02-18 01:34:26,707 [30] INFO StarWarsAPI.Controllers.StarWarsController - GetMostAppeared Method start
2020-02-18 01:34:26,707 [33] INFO StarWarsAPI.Controllers.StarWarsController - GetMostAppearedSpecies Method start
2020-02-18 01:34:46,492 [28] INFO StarWarsAPI.Controllers.StarWarsController - GetMostAppearedSpecies Method start
2020-02-18 01:34:46,492 [29] INFO StarWarsAPI.Controllers.StarWarsController - GetVehiclePilots Method start
2020-02-18 01:34:46,492 [34] INFO StarWarsAPI.Controllers.StarWarsController - GetOpeningCrawl Method start
2020-02-18 01:34:46,495 [30] INFO StarWarsAPI.Controllers.StarWarsController - GetMostAppeared Method start
2020-02-18 01:37:27,154 [33] INFO StarWarsAPI.Controllers.StarWarsController - GetMostAppearedSpecies Method start
2020-02-18 01:37:27,158 [34] INFO StarWarsAPI.Controllers.StarWarsController - GetVehiclePilots Method start
2020-02-18 01:37:27,155 [28] INFO StarWarsAPI.Controllers.StarWarsController - GetMostAppeared Method start
2020-02-18 01:37:27,164 [35] INFO StarWarsAPI.Controllers.StarWarsController - GetOpeningCrawl Method start
2020-02-18 01:38:04,409 [28] INFO StarWarsAPI.Controllers.StarWarsController - GetMostAppearedSpecies Method start
2020-02-18 01:38:04,412 [33] INFO StarWarsAPI.Controllers.StarWarsController - GetMostAppeared Method start
2020-02-18 01:38:04,421 [34] INFO StarWarsAPI.Controllers.StarWarsController - GetVehiclePilots Method start
2020-02-18 01:38:04,425 [35] INFO StarWarsAPI.Controllers.StarWarsController - GetOpeningCrawl Method start
2020-02-18 01:43:12,438 [31] INFO StarWarsAPI.Controllers.StarWarsController - GetMostAppearedSpecies Method start
2020-02-18 01:43:12,439 [34] INFO StarWarsAPI.Controllers.StarWarsController - GetMostAppeared Method start
2020-02-18 01:43:12,439 [27] INFO StarWarsAPI.Controllers.StarWarsController - GetVehiclePilots Method start
2020-02-18 01:43:12,439 [33] INFO StarWarsAPI.Controllers.StarWarsController - GetOpeningCrawl Method start
2020-02-18 01:43:32,110 [26] INFO StarWarsAPI.Controllers.StarWarsController - GetMostAppeared Method start
2020-02-18 01:43:32,112 [31] INFO StarWarsAPI.Controllers.StarWarsController - GetMostAppearedSpecies Method start
2020-02-18 01:43:32,112 [33] INFO StarWarsAPI.Controllers.StarWarsController - GetOpeningCrawl Method start
2020-02-18 01:43:32,121 [27] INFO StarWarsAPI.Controllers.StarWarsController - GetVehiclePilots Method start
2020-02-18 01:43:59,048 [31] INFO StarWarsAPI.Controllers.StarWarsController - GetOpeningCrawl Method start
2020-02-18 01:43:59,048 [33] INFO StarWarsAPI.Controllers.StarWarsController - GetMostAppeared Method start
2020-02-18 01:43:59,056 [27] INFO StarWarsAPI.Controllers.StarWarsController - GetVehiclePilots Method start
2020-02-18 01:43:59,056 [26] INFO StarWarsAPI.Controllers.StarWarsController - GetMostAppearedSpecies Method start
2020-02-18 01:44:09,148 [31] INFO StarWarsAPI.Controllers.StarWarsController - GetMostAppeared Method start
2020-02-18 01:44:09,148 [33] INFO StarWarsAPI.Controllers.StarWarsController - GetOpeningCrawl Method start
2020-02-18 01:44:09,149 [27] INFO StarWarsAPI.Controllers.StarWarsController - GetVehiclePilots Method start
2020-02-18 01:44:09,158 [26] INFO StarWarsAPI.Controllers.StarWarsController - GetMostAppearedSpecies Method start
2020-02-18 01:45:42,701 [25] INFO StarWarsAPI.Controllers.StarWarsController - GetOpeningCrawl Method start
2020-02-18 01:45:42,701 [27] INFO StarWarsAPI.Controllers.StarWarsController - GetMostAppearedSpecies Method start
2020-02-18 01:45:42,701 [31] INFO StarWarsAPI.Controllers.StarWarsController - GetMostAppeared Method start
2020-02-18 01:45:42,701 [24] INFO StarWarsAPI.Controllers.StarWarsController - GetVehiclePilots Method start
2020-02-18 01:45:54,567 [25] INFO StarWarsAPI.Controllers.StarWarsController - GetMostAppearedSpecies Method start
2020-02-18 01:45:54,567 [27] INFO StarWarsAPI.Controllers.StarWarsController - GetMostAppeared Method start
2020-02-18 01:45:54,568 [31] INFO StarWarsAPI.Controllers.StarWarsController - GetVehiclePilots Method start
2020-02-18 01:45:54,583 [24] INFO StarWarsAPI.Controllers.StarWarsController - GetOpeningCrawl Method start
2020-02-18 01:47:08,108 [31] INFO StarWarsAPI.Controllers.StarWarsController - GetOpeningCrawl Method start
2020-02-18 01:47:08,109 [25] INFO StarWarsAPI.Controllers.StarWarsController - GetVehiclePilots Method start
2020-02-18 01:47:08,108 [27] INFO StarWarsAPI.Controllers.StarWarsController - GetMostAppeared Method start
2020-02-18 01:47:08,124 [24] INFO StarWarsAPI.Controllers.StarWarsController - GetMostAppearedSpecies Method start
2020-02-18 01:47:49,845 [31] INFO StarWarsAPI.Controllers.StarWarsController - GetOpeningCrawl Method start
2020-02-18 01:47:49,847 [25] INFO StarWarsAPI.Controllers.StarWarsController - GetMostAppearedSpecies Method start
2020-02-18 01:47:49,845 [27] INFO StarWarsAPI.Controllers.StarWarsController - GetMostAppeared Method start
2020-02-18 01:47:49,854 [24] INFO StarWarsAPI.Controllers.StarWarsController - GetVehiclePilots Method start
2020-02-18 01:48:26,983 [31] INFO StarWarsAPI.Controllers.StarWarsController - GetMostAppeared Method start
2020-02-18 01:48:26,990 [27] INFO StarWarsAPI.Controllers.StarWarsController - GetMostAppearedSpecies Method start
2020-02-18 01:48:27,001 [25] INFO StarWarsAPI.Controllers.StarWarsController - GetVehiclePilots Method start
2020-02-18 01:48:27,006 [24] INFO StarWarsAPI.Controllers.StarWarsController - GetOpeningCrawl Method start
2020-02-18 01:49:12,699 [25] INFO StarWarsAPI.Controllers.StarWarsController - GetOpeningCrawl Method start
2020-02-18 01:49:12,699 [31] INFO StarWarsAPI.Controllers.StarWarsController - GetVehiclePilots Method start
2020-02-18 01:49:12,707 [27] INFO StarWarsAPI.Controllers.StarWarsController - GetMostAppearedSpecies Method start
2020-02-18 01:49:12,707 [24] INFO StarWarsAPI.Controllers.StarWarsController - GetMostAppeared Method start
2020-02-18 01:49:50,106 [22] INFO StarWarsAPI.Controllers.StarWarsController - GetMostAppearedSpecies Method start
2020-02-18 01:49:50,107 [24] INFO StarWarsAPI.Controllers.StarWarsController - GetVehiclePilots Method start
2020-02-18 01:49:50,107 [23] INFO StarWarsAPI.Controllers.StarWarsController - GetOpeningCrawl Method start
2020-02-18 01:49:50,113 [25] INFO StarWarsAPI.Controllers.StarWarsController - GetMostAppeared Method start
2020-02-18 01:50:05,852 [31] INFO StarWarsAPI.Controllers.StarWarsController - GetOpeningCrawl Method start
2020-02-18 01:50:05,863 [25] INFO StarWarsAPI.Controllers.StarWarsController - GetMostAppeared Method start
2020-02-18 01:50:05,863 [24] INFO StarWarsAPI.Controllers.StarWarsController - GetVehiclePilots Method start
2020-02-18 01:50:05,864 [27] INFO StarWarsAPI.Controllers.StarWarsController - GetMostAppearedSpecies Method start
2020-02-18 01:51:43,245 [31] INFO StarWarsAPI.Controllers.StarWarsController - GetOpeningCrawl Method start
2020-02-18 01:51:43,245 [27] INFO StarWarsAPI.Controllers.StarWarsController - GetMostAppearedSpecies Method start
2020-02-18 01:51:43,247 [25] INFO StarWarsAPI.Controllers.StarWarsController - GetMostAppeared Method start
2020-02-18 01:51:43,247 [24] INFO StarWarsAPI.Controllers.StarWarsController - GetVehiclePilots Method start
2020-02-18 01:53:12,262 [27] INFO StarWarsAPI.Controllers.StarWarsController - GetOpeningCrawl Method start
2020-02-18 01:53:12,262 [31] INFO StarWarsAPI.Controllers.StarWarsController - GetMostAppeared Method start
2020-02-18 01:53:12,265 [25] INFO StarWarsAPI.Controllers.StarWarsController - GetMostAppearedSpecies Method start
2020-02-18 01:53:12,267 [24] INFO StarWarsAPI.Controllers.StarWarsController - GetVehiclePilots Method start
2020-02-18 01:53:34,972 [27] INFO StarWarsAPI.Controllers.StarWarsController - GetMostAppeared Method start
2020-02-18 01:53:34,972 [25] INFO StarWarsAPI.Controllers.StarWarsController - GetVehiclePilots Method start
2020-02-18 01:53:34,978 [31] INFO StarWarsAPI.Controllers.StarWarsController - GetOpeningCrawl Method start
2020-02-18 01:53:34,978 [24] INFO StarWarsAPI.Controllers.StarWarsController - GetMostAppearedSpecies Method start
2020-02-18 01:53:51,386 [27] INFO StarWarsAPI.Controllers.StarWarsController - GetMostAppearedSpecies Method start
2020-02-18 01:53:51,387 [31] INFO StarWarsAPI.Controllers.StarWarsController - GetMostAppeared Method start
2020-02-18 01:53:51,387 [25] INFO StarWarsAPI.Controllers.StarWarsController - GetVehiclePilots Method start
2020-02-18 01:53:51,387 [24] INFO StarWarsAPI.Controllers.StarWarsController - GetOpeningCrawl Method start
2020-02-18 01:54:30,154 [22] INFO StarWarsAPI.Controllers.StarWarsController - GetMostAppeared Method start
2020-02-18 01:54:30,154 [21] INFO StarWarsAPI.Controllers.StarWarsController - GetOpeningCrawl Method start
2020-02-18 01:54:30,162 [31] INFO StarWarsAPI.Controllers.StarWarsController - GetVehiclePilots Method start
2020-02-18 01:54:30,169 [27] INFO StarWarsAPI.Controllers.StarWarsController - GetMostAppearedSpecies Method start
2020-02-18 01:55:17,881 [27] INFO StarWarsAPI.Controllers.StarWarsController - GetVehiclePilots Method start
2020-02-18 01:55:17,881 [31] INFO StarWarsAPI.Controllers.StarWarsController - GetMostAppearedSpecies Method start
2020-02-18 01:55:17,888 [25] INFO StarWarsAPI.Controllers.StarWarsController - GetOpeningCrawl Method start
2020-02-18 01:55:17,899 [24] INFO StarWarsAPI.Controllers.StarWarsController - GetMostAppeared Method start
2020-02-18 02:04:16,743 [24] INFO StarWarsAPI.Controllers.StarWarsController - GetOpeningCrawl Method start
2020-02-18 02:04:16,758 [28] INFO StarWarsAPI.Controllers.StarWarsController - GetMostAppeared Method start
2020-02-18 02:04:16,768 [13] INFO StarWarsAPI.Controllers.StarWarsController - GetMostAppearedSpecies Method start
2020-02-18 02:04:16,784 [11] INFO StarWarsAPI.Controllers.StarWarsController - GetVehiclePilots Method start
2020-02-18 02:04:20,805 [24] INFO StarWarsAPI.Controllers.StarWarsController - GetMostAppearedSpecies Method start
2020-02-18 02:04:20,810 [28] INFO StarWarsAPI.Controllers.StarWarsController - GetMostAppeared Method start
2020-02-18 02:04:20,810 [13] INFO StarWarsAPI.Controllers.StarWarsController - GetVehiclePilots Method start
2020-02-18 02:04:20,810 [11] INFO StarWarsAPI.Controllers.StarWarsController - GetOpeningCrawl Method start
2020-02-18 02:04:35,568 [28] INFO StarWarsAPI.Controllers.StarWarsController - GetOpeningCrawl Method start
2020-02-18 02:04:35,568 [24] INFO StarWarsAPI.Controllers.StarWarsController - GetMostAppeared Method start
2020-02-18 02:04:35,582 [13] INFO StarWarsAPI.Controllers.StarWarsController - GetMostAppearedSpecies Method start
2020-02-18 02:04:35,586 [11] INFO StarWarsAPI.Controllers.StarWarsController - GetVehiclePilots Method start
2020-02-18 02:05:47,074 [13] INFO StarWarsAPI.Controllers.StarWarsController - GetMostAppeared Method start
2020-02-18 02:05:47,086 [11] INFO StarWarsAPI.Controllers.StarWarsController - GetVehiclePilots Method start
2020-02-18 02:05:47,087 [30] INFO StarWarsAPI.Controllers.StarWarsController - GetOpeningCrawl Method start
2020-02-18 02:05:47,074 [28] INFO StarWarsAPI.Controllers.StarWarsController - GetMostAppearedSpecies Method start
2020-02-18 02:06:19,677 [28] INFO StarWarsAPI.Controllers.StarWarsController - GetOpeningCrawl Method start
2020-02-18 02:06:19,677 [13] INFO StarWarsAPI.Controllers.StarWarsController - GetMostAppearedSpecies Method start
2020-02-18 02:06:19,677 [11] INFO StarWarsAPI.Controllers.StarWarsController - GetMostAppeared Method start
2020-02-18 02:06:19,693 [30] INFO StarWarsAPI.Controllers.StarWarsController - GetVehiclePilots Method start
2020-02-18 02:07:08,426 [28] INFO StarWarsAPI.Controllers.StarWarsController - GetVehiclePilots Method start
2020-02-18 02:07:08,426 [11] INFO StarWarsAPI.Controllers.StarWarsController - GetMostAppearedSpecies Method start
2020-02-18 02:07:08,437 [30] INFO StarWarsAPI.Controllers.StarWarsController - GetOpeningCrawl Method start
2020-02-18 02:07:08,446 [10] INFO StarWarsAPI.Controllers.StarWarsController - GetMostAppeared Method start
2020-02-18 02:07:49,047 [28] INFO StarWarsAPI.Controllers.StarWarsController - GetOpeningCrawl Method start
2020-02-18 02:07:49,060 [10] INFO StarWarsAPI.Controllers.StarWarsController - GetMostAppearedSpecies Method start
2020-02-18 02:07:49,061 [30] INFO StarWarsAPI.Controllers.StarWarsController - GetVehiclePilots Method start
2020-02-18 02:07:49,081 [11] INFO StarWarsAPI.Controllers.StarWarsController - GetMostAppeared Method start
2020-02-18 02:09:26,101 [11] INFO StarWarsAPI.Controllers.StarWarsController - GetVehiclePilots Method start
2020-02-18 02:09:26,101 [30] INFO StarWarsAPI.Controllers.StarWarsController - GetMostAppearedSpecies Method start
2020-02-18 02:09:26,101 [9] INFO StarWarsAPI.Controllers.StarWarsController - GetOpeningCrawl Method start
2020-02-18 02:09:26,101 [28] INFO StarWarsAPI.Controllers.StarWarsController - GetMostAppeared Method start
2020-02-18 02:09:57,126 [12] INFO StarWarsAPI.Controllers.StarWarsController - GetOpeningCrawl Method start
2020-02-18 02:09:57,134 [11] INFO StarWarsAPI.Controllers.StarWarsController - GetMostAppeared Method start
2020-02-18 02:09:57,139 [30] INFO StarWarsAPI.Controllers.StarWarsController - GetVehiclePilots Method start
2020-02-18 02:09:57,152 [9] INFO StarWarsAPI.Controllers.StarWarsController - GetMostAppearedSpecies Method start
2020-02-18 02:11:55,783 [12] INFO StarWarsAPI.Controllers.StarWarsController - GetOpeningCrawl Method start
2020-02-18 02:11:55,783 [30] INFO StarWarsAPI.Controllers.StarWarsController - GetMostAppeared Method start
2020-02-18 02:11:55,783 [11] INFO StarWarsAPI.Controllers.StarWarsController - GetMostAppearedSpecies Method start
2020-02-18 02:11:55,798 [29] INFO StarWarsAPI.Controllers.StarWarsController - GetVehiclePilots Method start
2020-02-18 02:13:28,284 [12] INFO StarWarsAPI.Controllers.StarWarsController - GetOpeningCrawl Method start
2020-02-18 02:13:28,284 [11] INFO StarWarsAPI.Controllers.StarWarsController - GetMostAppeared Method start
2020-02-18 02:13:28,289 [29] INFO StarWarsAPI.Controllers.StarWarsController - GetVehiclePilots Method start
2020-02-18 02:13:28,292 [8] INFO StarWarsAPI.Controllers.StarWarsController - GetMostAppearedSpecies Method start
2020-02-18 02:47:06,864 [20] INFO StarWarsAPI.Controllers.StarWarsController - GetOpeningCrawl Method start
2020-02-18 02:47:06,864 [34] INFO StarWarsAPI.Controllers.StarWarsController - GetMostAppearedSpecies Method start
2020-02-18 02:47:06,864 [9] INFO StarWarsAPI.Controllers.StarWarsController - GetVehiclePilots Method start
2020-02-18 02:47:06,864 [10] INFO StarWarsAPI.Controllers.StarWarsController - GetMostAppeared Method start
2020-02-18 02:56:28,343 [24] INFO StarWarsAPI.Controllers.StarWarsController - GetMostAppeared Method start
2020-02-18 02:56:28,343 [28] INFO StarWarsAPI.Controllers.StarWarsController - GetVehiclePilots Method start
2020-02-18 02:56:28,343 [25] INFO StarWarsAPI.Controllers.StarWarsController - GetMostAppearedSpecies Method start
2020-02-18 02:56:28,358 [26] INFO StarWarsAPI.Controllers.StarWarsController - GetOpeningCrawl Method start
2020-02-18 02:58:06,167 [24] INFO StarWarsAPI.Controllers.StarWarsController - GetVehiclePilots Method start
2020-02-18 02:58:06,167 [28] INFO StarWarsAPI.Controllers.StarWarsController - GetOpeningCrawl Method start
2020-02-18 02:58:06,167 [25] INFO StarWarsAPI.Controllers.StarWarsController - GetMostAppearedSpecies Method start
2020-02-18 02:58:06,182 [26] INFO StarWarsAPI.Controllers.StarWarsController - GetMostAppeared Method start
2020-02-18 03:04:17,581 [24] INFO StarWarsAPI.Controllers.StarWarsController - GetVehiclePilots Method start
2020-02-18 03:04:17,581 [26] INFO StarWarsAPI.Controllers.StarWarsController - GetMostAppeared Method start
2020-02-18 03:04:17,581 [23] INFO StarWarsAPI.Controllers.StarWarsController - GetOpeningCrawl Method start
2020-02-18 03:04:17,581 [25] INFO StarWarsAPI.Controllers.StarWarsController - GetMostAppearedSpecies Method start
2020-02-18 03:05:03,728 [32] INFO StarWarsAPI.Controllers.StarWarsController - GetMostAppeared Method start
2020-02-18 03:05:03,728 [25] INFO StarWarsAPI.Controllers.StarWarsController - GetOpeningCrawl Method start
2020-02-18 03:05:03,728 [23] INFO StarWarsAPI.Controllers.StarWarsController - GetMostAppearedSpecies Method start
2020-02-18 03:05:03,728 [26] INFO StarWarsAPI.Controllers.StarWarsController - GetVehiclePilots Method start
2020-02-18 03:05:21,556 [26] INFO StarWarsAPI.Controllers.StarWarsController - GetOpeningCrawl Method start
2020-02-18 03:05:21,557 [23] INFO StarWarsAPI.Controllers.StarWarsController - GetMostAppearedSpecies Method start
2020-02-18 03:05:21,562 [32] INFO StarWarsAPI.Controllers.StarWarsController - GetMostAppeared Method start
2020-02-18 03:05:21,562 [20] INFO StarWarsAPI.Controllers.StarWarsController - GetVehiclePilots Method start
2020-02-18 03:05:34,923 [26] INFO StarWarsAPI.Controllers.StarWarsController - GetMostAppeared Method start
2020-02-18 03:05:34,923 [23] INFO StarWarsAPI.Controllers.StarWarsController - GetMostAppearedSpecies Method start
2020-02-18 03:05:34,927 [32] INFO StarWarsAPI.Controllers.StarWarsController - GetOpeningCrawl Method start
2020-02-18 03:05:34,932 [20] INFO StarWarsAPI.Controllers.StarWarsController - GetVehiclePilots Method start
2020-02-18 03:05:50,259 [32] INFO StarWarsAPI.Controllers.StarWarsController - GetMostAppeared Method start
2020-02-18 03:05:50,259 [20] INFO StarWarsAPI.Controllers.StarWarsController - GetVehiclePilots Method start
2020-02-18 03:05:50,267 [26] INFO StarWarsAPI.Controllers.StarWarsController - GetOpeningCrawl Method start
2020-02-18 03:05:50,269 [23] INFO StarWarsAPI.Controllers.StarWarsController - GetMostAppearedSpecies Method start
2020-02-18 03:07:39,968 [26] INFO StarWarsAPI.Controllers.StarWarsController - GetOpeningCrawl Method start
2020-02-18 03:07:39,972 [32] INFO StarWarsAPI.Controllers.StarWarsController - GetMostAppeared Method start
2020-02-18 03:07:39,974 [20] INFO StarWarsAPI.Controllers.StarWarsController - GetVehiclePilots Method start
2020-02-18 03:07:39,975 [19] INFO StarWarsAPI.Controllers.StarWarsController - GetMostAppearedSpecies Method start
2020-02-18 03:08:10,374 [26] INFO StarWarsAPI.Controllers.StarWarsController - GetOpeningCrawl Method start
2020-02-18 03:08:10,390 [32] INFO StarWarsAPI.Controllers.StarWarsController - GetMostAppearedSpecies Method start
2020-02-18 03:08:10,390 [20] INFO StarWarsAPI.Controllers.StarWarsController - GetVehiclePilots Method start
2020-02-18 03:08:10,405 [19] INFO StarWarsAPI.Controllers.StarWarsController - GetMostAppeared Method start
2020-02-18 03:09:35,162 [20] INFO StarWarsAPI.Controllers.StarWarsController - GetOpeningCrawl Method start
2020-02-18 03:09:35,164 [19] INFO StarWarsAPI.Controllers.StarWarsController - GetVehiclePilots Method start
2020-02-18 03:09:35,162 [26] INFO StarWarsAPI.Controllers.StarWarsController - GetMostAppeared Method start
2020-02-18 03:09:35,166 [32] INFO StarWarsAPI.Controllers.StarWarsController - GetMostAppearedSpecies Method start
2020-02-18 03:11:07,428 [32] INFO StarWarsAPI.Controllers.StarWarsController - GetOpeningCrawl Method start
2020-02-18 03:11:07,428 [26] INFO StarWarsAPI.Controllers.StarWarsController - GetVehiclePilots Method start
2020-02-18 03:11:07,431 [20] INFO StarWarsAPI.Controllers.StarWarsController - GetMostAppearedSpecies Method start
2020-02-18 03:11:07,458 [19] INFO StarWarsAPI.Controllers.StarWarsController - GetMostAppeared Method start
2020-02-18 03:11:36,357 [32] INFO StarWarsAPI.Controllers.StarWarsController - GetOpeningCrawl Method start
2020-02-18 03:11:36,357 [20] INFO StarWarsAPI.Controllers.StarWarsController - GetMostAppearedSpecies Method start
2020-02-18 03:11:36,364 [26] INFO StarWarsAPI.Controllers.StarWarsController - GetMostAppeared Method start
2020-02-18 03:11:36,373 [19] INFO StarWarsAPI.Controllers.StarWarsController - GetVehiclePilots Method start
2020-02-18 03:11:45,705 [26] INFO StarWarsAPI.Controllers.StarWarsController - GetOpeningCrawl Method start
2020-02-18 03:11:45,705 [32] INFO StarWarsAPI.Controllers.StarWarsController - GetMostAppeared Method start
2020-02-18 03:11:45,708 [20] INFO StarWarsAPI.Controllers.StarWarsController - GetMostAppearedSpecies Method start
2020-02-18 03:11:45,709 [19] INFO StarWarsAPI.Controllers.StarWarsController - GetVehiclePilots Method start
2020-02-18 03:12:09,476 [32] INFO StarWarsAPI.Controllers.StarWarsController - GetMostAppeared Method start
2020-02-18 03:12:09,477 [26] INFO StarWarsAPI.Controllers.StarWarsController - GetVehiclePilots Method start
2020-02-18 03:12:09,476 [20] INFO StarWarsAPI.Controllers.StarWarsController - GetOpeningCrawl Method start
2020-02-18 03:12:09,483 [19] INFO StarWarsAPI.Controllers.StarWarsController - GetMostAppearedSpecies Method start
2020-02-18 03:12:18,102 [19] INFO StarWarsAPI.Controllers.StarWarsController - GetOpeningCrawl Method start
2020-02-18 03:12:18,103 [27] INFO StarWarsAPI.Controllers.StarWarsController - GetMostAppeared Method start
2020-02-18 03:12:18,104 [20] INFO StarWarsAPI.Controllers.StarWarsController - GetMostAppearedSpecies Method start
2020-02-18 03:12:18,104 [26] INFO StarWarsAPI.Controllers.StarWarsController - GetVehiclePilots Method start
2020-02-18 03:13:23,322 [32] INFO StarWarsAPI.Controllers.StarWarsController - GetMostAppearedSpecies Method start
2020-02-18 03:13:23,323 [26] INFO StarWarsAPI.Controllers.StarWarsController - GetOpeningCrawl Method start
2020-02-18 03:13:23,324 [20] INFO StarWarsAPI.Controllers.StarWarsController - GetMostAppeared Method start
2020-02-18 03:13:23,326 [19] INFO StarWarsAPI.Controllers.StarWarsController - GetVehiclePilots Method start
2020-02-18 10:01:42,095 [7] INFO StarWarsAPI.Controllers.StarWarsController - GetMostAppearedSpecies Method start
2020-02-18 10:01:42,095 [6] INFO StarWarsAPI.Controllers.StarWarsController - GetOpeningCrawl Method start
2020-02-18 10:01:42,095 [8] INFO StarWarsAPI.Controllers.StarWarsController - GetVehiclePilots Method start
2020-02-18 10:01:42,095 [5] INFO StarWarsAPI.Controllers.StarWarsController - GetMostAppeared Method start
2020-02-18 10:02:17,175 [7] ERROR StarWarsAPI.Controllers.StarWarsController - Execution Timeout Expired.  The timeout period elapsed prior to completion of the operation or the server is not responding.
2020-02-18 10:03:45,975 [7] INFO StarWarsAPI.Controllers.StarWarsController - GetVehiclePilots Method start
2020-02-18 10:03:45,975 [6] INFO StarWarsAPI.Controllers.StarWarsController - GetOpeningCrawl Method start
2020-02-18 10:03:45,991 [8] INFO StarWarsAPI.Controllers.StarWarsController - GetMostAppeared Method start
2020-02-18 10:03:45,991 [11] INFO StarWarsAPI.Controllers.StarWarsController - GetMostAppearedSpecies Method start
2020-02-18 10:04:16,286 [11] ERROR StarWarsAPI.Controllers.StarWarsController - Execution Timeout Expired.  The timeout period elapsed prior to completion of the operation or the server is not responding.
2020-02-18 10:04:46,048 [11] INFO StarWarsAPI.Controllers.StarWarsController - GetMostAppearedSpecies Method start
2020-02-18 10:04:46,048 [7] INFO StarWarsAPI.Controllers.StarWarsController - GetVehiclePilots Method start
2020-02-18 10:04:46,048 [12] INFO StarWarsAPI.Controllers.StarWarsController - GetOpeningCrawl Method start
2020-02-18 10:04:46,048 [6] INFO StarWarsAPI.Controllers.StarWarsController - GetMostAppeared Method start
2020-02-18 10:05:16,402 [11] ERROR StarWarsAPI.Controllers.StarWarsController - Execution Timeout Expired.  The timeout period elapsed prior to completion of the operation or the server is not responding.
2020-02-18 10:05:32,262 [7] INFO StarWarsAPI.Controllers.StarWarsController - GetOpeningCrawl Method start
2020-02-18 10:05:32,262 [6] INFO StarWarsAPI.Controllers.StarWarsController - GetMostAppearedSpecies Method start
2020-02-18 10:05:32,262 [11] INFO StarWarsAPI.Controllers.StarWarsController - GetMostAppeared Method start
2020-02-18 10:05:32,278 [12] INFO StarWarsAPI.Controllers.StarWarsController - GetVehiclePilots Method start
2020-02-18 10:06:02,548 [6] ERROR StarWarsAPI.Controllers.StarWarsController - Execution Timeout Expired.  The timeout period elapsed prior to completion of the operation or the server is not responding.
2020-02-18 10:06:34,519 [6] INFO StarWarsAPI.Controllers.StarWarsController - GetMostAppearedSpecies Method start
2020-02-18 10:06:34,519 [11] INFO StarWarsAPI.Controllers.StarWarsController - GetOpeningCrawl Method start
2020-02-18 10:06:34,519 [13] INFO StarWarsAPI.Controllers.StarWarsController - GetMostAppeared Method start
2020-02-18 10:06:34,519 [12] INFO StarWarsAPI.Controllers.StarWarsController - GetVehiclePilots Method start
2020-02-18 10:07:04,822 [6] ERROR StarWarsAPI.Controllers.StarWarsController - Execution Timeout Expired.  The timeout period elapsed prior to completion of the operation or the server is not responding.
2020-02-18 10:08:57,187 [6] INFO StarWarsAPI.Controllers.StarWarsController - GetOpeningCrawl Method start
2020-02-18 10:08:57,207 [11] INFO StarWarsAPI.Controllers.StarWarsController - GetVehiclePilots Method start
2020-02-18 10:08:57,207 [12] INFO StarWarsAPI.Controllers.StarWarsController - GetMostAppearedSpecies Method start
2020-02-18 10:08:57,207 [13] INFO StarWarsAPI.Controllers.StarWarsController - GetMostAppeared Method start
2020-02-18 10:09:18,034 [15] INFO StarWarsAPI.Controllers.StarWarsController - GetOpeningCrawl Method start
2020-02-18 10:09:19,001 [18] INFO StarWarsAPI.Controllers.StarWarsController - GetMostAppeared Method start
2020-02-18 10:09:20,017 [19] INFO StarWarsAPI.Controllers.StarWarsController - GetVehiclePilots Method start
2020-02-18 10:09:21,007 [20] INFO StarWarsAPI.Controllers.StarWarsController - GetMostAppearedSpecies Method start
2020-02-18 10:09:27,568 [12] ERROR StarWarsAPI.Controllers.StarWarsController - Execution Timeout Expired.  The timeout period elapsed prior to completion of the operation or the server is not responding.
2020-02-18 10:09:52,600 [20] ERROR StarWarsAPI.Controllers.StarWarsController - Execution Timeout Expired.  The timeout period elapsed prior to completion of the operation or the server is not responding.
2020-02-18 10:12:04,517 [18] INFO StarWarsAPI.Controllers.StarWarsController - GetOpeningCrawl Method start
2020-02-18 10:12:04,537 [20] INFO StarWarsAPI.Controllers.StarWarsController - GetMostAppeared Method start
2020-02-18 10:12:04,537 [14] INFO StarWarsAPI.Controllers.StarWarsController - GetMostAppearedSpecies Method start
2020-02-18 10:12:04,541 [5] INFO StarWarsAPI.Controllers.StarWarsController - GetVehiclePilots Method start
2020-02-18 10:12:35,032 [14] ERROR StarWarsAPI.Controllers.StarWarsController - Execution Timeout Expired.  The timeout period elapsed prior to completion of the operation or the server is not responding.
2020-02-18 10:13:08,758 [20] INFO StarWarsAPI.Controllers.StarWarsController - GetOpeningCrawl Method start
2020-02-18 10:13:08,758 [18] INFO StarWarsAPI.Controllers.StarWarsController - GetMostAppearedSpecies Method start
2020-02-18 10:13:08,758 [14] INFO StarWarsAPI.Controllers.StarWarsController - GetVehiclePilots Method start
2020-02-18 10:13:08,758 [5] INFO StarWarsAPI.Controllers.StarWarsController - GetMostAppeared Method start
2020-02-18 10:13:09,947 [21] INFO StarWarsAPI.Controllers.StarWarsController - GetOpeningCrawl Method start
2020-02-18 10:13:10,963 [22] INFO StarWarsAPI.Controllers.StarWarsController - GetMostAppeared Method start
2020-02-18 10:13:11,958 [23] INFO StarWarsAPI.Controllers.StarWarsController - GetMostAppearedSpecies Method start
2020-02-18 10:13:12,957 [24] INFO StarWarsAPI.Controllers.StarWarsController - GetVehiclePilots Method start
2020-02-18 10:13:39,206 [18] ERROR StarWarsAPI.Controllers.StarWarsController - Execution Timeout Expired.  The timeout period elapsed prior to completion of the operation or the server is not responding.
2020-02-18 10:13:42,431 [23] ERROR StarWarsAPI.Controllers.StarWarsController - Execution Timeout Expired.  The timeout period elapsed prior to completion of the operation or the server is not responding.
2020-02-18 10:14:04,285 [20] INFO StarWarsAPI.Controllers.StarWarsController - GetMostAppeared Method start
2020-02-18 10:14:04,301 [14] INFO StarWarsAPI.Controllers.StarWarsController - GetVehiclePilots Method start
2020-02-18 10:14:04,301 [5] INFO StarWarsAPI.Controllers.StarWarsController - GetMostAppearedSpecies Method start
2020-02-18 10:14:04,301 [18] INFO StarWarsAPI.Controllers.StarWarsController - GetOpeningCrawl Method start
2020-02-18 10:14:34,762 [5] ERROR StarWarsAPI.Controllers.StarWarsController - Execution Timeout Expired.  The timeout period elapsed prior to completion of the operation or the server is not responding.
2020-02-18 10:15:41,757 [14] INFO StarWarsAPI.Controllers.StarWarsController - GetOpeningCrawl Method start
2020-02-18 10:15:41,769 [21] INFO StarWarsAPI.Controllers.StarWarsController - GetMostAppearedSpecies Method start
2020-02-18 10:15:41,769 [5] INFO StarWarsAPI.Controllers.StarWarsController - GetMostAppeared Method start
2020-02-18 10:15:41,769 [23] INFO StarWarsAPI.Controllers.StarWarsController - GetVehiclePilots Method start
2020-02-18 10:15:42,761 [26] INFO StarWarsAPI.Controllers.StarWarsController - GetOpeningCrawl Method start
2020-02-18 10:15:43,781 [27] INFO StarWarsAPI.Controllers.StarWarsController - GetMostAppeared Method start
2020-02-18 10:15:44,783 [28] INFO StarWarsAPI.Controllers.StarWarsController - GetMostAppearedSpecies Method start
2020-02-18 10:15:45,564 [14] INFO StarWarsAPI.Controllers.StarWarsController - GetVehiclePilots Method start
2020-02-18 10:16:12,336 [21] ERROR StarWarsAPI.Controllers.StarWarsController - Execution Timeout Expired.  The timeout period elapsed prior to completion of the operation or the server is not responding.
2020-02-18 10:16:12,414 [23] ERROR StarWarsAPI.Controllers.StarWarsController - Execution Timeout Expired.  The timeout period elapsed prior to completion of the operation or the server is not responding.
2020-02-18 10:16:15,205 [28] ERROR StarWarsAPI.Controllers.StarWarsController - Execution Timeout Expired.  The timeout period elapsed prior to completion of the operation or the server is not responding.
2020-02-18 10:16:43,772 [28] INFO StarWarsAPI.Controllers.StarWarsController - GetMostAppearedSpecies Method start
2020-02-18 10:17:14,091 [28] ERROR StarWarsAPI.Controllers.StarWarsController - Execution Timeout Expired.  The timeout period elapsed prior to completion of the operation or the server is not responding.
2020-02-18 10:17:51,297 [14] INFO StarWarsAPI.Controllers.StarWarsController - GetMostAppearedSpecies Method start
2020-02-18 10:18:04,445 [14] INFO StarWarsAPI.Controllers.StarWarsController - GetMostAppearedSpecies Method start
2020-02-18 10:18:04,454 [23] INFO StarWarsAPI.Controllers.StarWarsController - GetVehiclePilots Method start
2020-02-18 10:18:04,454 [5] INFO StarWarsAPI.Controllers.StarWarsController - GetMostAppeared Method start
2020-02-18 10:18:04,455 [21] INFO StarWarsAPI.Controllers.StarWarsController - GetOpeningCrawl Method start
2020-02-18 10:18:40,111 [23] INFO StarWarsAPI.Controllers.StarWarsController - GetOpeningCrawl Method start
2020-02-18 10:18:40,111 [28] INFO StarWarsAPI.Controllers.StarWarsController - GetMostAppeared Method start
2020-02-18 10:18:43,666 [14] INFO StarWarsAPI.Controllers.StarWarsController - GetMostAppearedSpecies Method start
2020-02-18 10:18:43,670 [5] INFO StarWarsAPI.Controllers.StarWarsController - GetVehiclePilots Method start
2020-02-18 10:24:00,752 [5] INFO StarWarsAPI.Controllers.StarWarsController - GetMostAppearedSpecies Method start
2020-02-18 10:24:00,752 [21] INFO StarWarsAPI.Controllers.StarWarsController - GetOpeningCrawl Method start
2020-02-18 10:24:00,752 [23] INFO StarWarsAPI.Controllers.StarWarsController - GetVehiclePilots Method start
2020-02-18 10:24:00,752 [39] INFO StarWarsAPI.Controllers.StarWarsController - GetMostAppeared Method start
2020-02-18 10:27:04,819 [5] INFO StarWarsAPI.Controllers.StarWarsController - GetOpeningCrawl Method start
2020-02-18 10:27:04,819 [41] INFO StarWarsAPI.Controllers.StarWarsController - GetMostAppearedSpecies Method start
2020-02-18 10:27:04,823 [23] INFO StarWarsAPI.Controllers.StarWarsController - GetVehiclePilots Method start
2020-02-18 10:27:04,823 [21] INFO StarWarsAPI.Controllers.StarWarsController - GetMostAppeared Method start
2020-02-18 10:28:19,581 [36] INFO StarWarsAPI.Controllers.StarWarsController - GetVehiclePilots Method start
2020-02-18 10:28:19,581 [5] INFO StarWarsAPI.Controllers.StarWarsController - GetOpeningCrawl Method start
2020-02-18 10:28:19,581 [23] INFO StarWarsAPI.Controllers.StarWarsController - GetMostAppeared Method start
2020-02-18 10:28:19,581 [21] INFO StarWarsAPI.Controllers.StarWarsController - GetMostAppearedSpecies Method start
2020-02-18 10:28:53,451 [5] INFO StarWarsAPI.Controllers.StarWarsController - GetMostAppearedSpecies Method start
2020-02-18 10:28:53,455 [21] INFO StarWarsAPI.Controllers.StarWarsController - GetMostAppeared Method start
2020-02-18 10:28:53,459 [23] INFO StarWarsAPI.Controllers.StarWarsController - GetOpeningCrawl Method start
2020-02-18 10:28:53,463 [39] INFO StarWarsAPI.Controllers.StarWarsController - GetVehiclePilots Method start
2020-02-18 10:29:28,599 [21] INFO StarWarsAPI.Controllers.StarWarsController - GetMostAppearedSpecies Method start
2020-02-18 10:29:28,599 [5] INFO StarWarsAPI.Controllers.StarWarsController - GetMostAppeared Method start
2020-02-18 10:29:28,603 [23] INFO StarWarsAPI.Controllers.StarWarsController - GetOpeningCrawl Method start
2020-02-18 10:29:28,623 [39] INFO StarWarsAPI.Controllers.StarWarsController - GetVehiclePilots Method start
2020-02-18 10:30:49,562 [5] INFO StarWarsAPI.Controllers.StarWarsController - GetOpeningCrawl Method start
2020-02-18 10:30:49,562 [23] INFO StarWarsAPI.Controllers.StarWarsController - GetVehiclePilots Method start
2020-02-18 10:30:49,562 [21] INFO StarWarsAPI.Controllers.StarWarsController - GetMostAppeared Method start
2020-02-18 10:30:49,562 [44] INFO StarWarsAPI.Controllers.StarWarsController - GetMostAppearedSpecies Method start
2020-02-18 10:32:38,636 [5] INFO StarWarsAPI.Controllers.StarWarsController - GetOpeningCrawl Method start
2020-02-18 10:32:38,636 [21] INFO StarWarsAPI.Controllers.StarWarsController - GetMostAppeared Method start
2020-02-18 10:32:38,652 [23] INFO StarWarsAPI.Controllers.StarWarsController - GetVehiclePilots Method start
2020-02-18 10:32:38,652 [39] INFO StarWarsAPI.Controllers.StarWarsController - GetMostAppearedSpecies Method start
2020-02-18 10:33:38,720 [21] INFO StarWarsAPI.Controllers.StarWarsController - GetMostAppeared Method start
2020-02-18 10:33:38,720 [39] INFO StarWarsAPI.Controllers.StarWarsController - GetMostAppearedSpecies Method start
2020-02-18 10:33:38,720 [5] INFO StarWarsAPI.Controllers.StarWarsController - GetOpeningCrawl Method start
2020-02-18 10:33:38,720 [23] INFO StarWarsAPI.Controllers.StarWarsController - GetVehiclePilots Method start
2020-02-18 10:33:55,797 [5] INFO StarWarsAPI.Controllers.StarWarsController - GetMostAppeared Method start
2020-02-18 10:33:55,797 [21] INFO StarWarsAPI.Controllers.StarWarsController - GetOpeningCrawl Method start
2020-02-18 10:33:55,797 [23] INFO StarWarsAPI.Controllers.StarWarsController - GetVehiclePilots Method start
2020-02-18 10:33:55,812 [39] INFO StarWarsAPI.Controllers.StarWarsController - GetMostAppearedSpecies Method start
2020-02-18 10:34:23,738 [5] INFO StarWarsAPI.Controllers.StarWarsController - GetMostAppeared Method start
2020-02-18 10:34:23,738 [21] INFO StarWarsAPI.Controllers.StarWarsController - GetMostAppearedSpecies Method start
2020-02-18 10:34:23,753 [23] INFO StarWarsAPI.Controllers.StarWarsController - GetOpeningCrawl Method start
2020-02-18 10:34:23,753 [39] INFO StarWarsAPI.Controllers.StarWarsController - GetVehiclePilots Method start
2020-02-18 10:34:54,435 [21] INFO StarWarsAPI.Controllers.StarWarsController - GetOpeningCrawl Method start
2020-02-18 10:34:54,447 [5] INFO StarWarsAPI.Controllers.StarWarsController - GetMostAppeared Method start
2020-02-18 10:34:54,447 [23] INFO StarWarsAPI.Controllers.StarWarsController - GetVehiclePilots Method start
2020-02-18 10:34:54,455 [39] INFO StarWarsAPI.Controllers.StarWarsController - GetMostAppearedSpecies Method start
2020-02-18 10:35:54,062 [5] INFO StarWarsAPI.Controllers.StarWarsController - GetMostAppeared Method start
2020-02-18 10:35:54,066 [21] INFO StarWarsAPI.Controllers.StarWarsController - GetMostAppearedSpecies Method start
2020-02-18 10:35:54,074 [23] INFO StarWarsAPI.Controllers.StarWarsController - GetVehiclePilots Method start
2020-02-18 10:35:54,074 [39] INFO StarWarsAPI.Controllers.StarWarsController - GetOpeningCrawl Method start
2020-02-18 10:36:03,946 [5] INFO StarWarsAPI.Controllers.StarWarsController - GetOpeningCrawl Method start
2020-02-18 10:36:03,966 [23] INFO StarWarsAPI.Controllers.StarWarsController - GetVehiclePilots Method start
2020-02-18 10:36:03,970 [21] INFO StarWarsAPI.Controllers.StarWarsController - GetMostAppeared Method start
2020-02-18 10:36:03,974 [39] INFO StarWarsAPI.Controllers.StarWarsController - GetMostAppearedSpecies Method start
2020-02-18 10:36:07,849 [5] INFO StarWarsAPI.Controllers.StarWarsController - GetMostAppearedSpecies Method start
2020-02-18 10:36:07,865 [21] INFO StarWarsAPI.Controllers.StarWarsController - GetVehiclePilots Method start
2020-02-18 10:36:07,865 [23] INFO StarWarsAPI.Controllers.StarWarsController - GetMostAppeared Method start
2020-02-18 10:36:07,865 [39] INFO StarWarsAPI.Controllers.StarWarsController - GetOpeningCrawl Method start
2020-02-18 10:36:22,695 [5] INFO StarWarsAPI.Controllers.StarWarsController - GetMostAppeared Method start
2020-02-18 10:36:22,695 [23] INFO StarWarsAPI.Controllers.StarWarsController - GetVehiclePilots Method start
2020-02-18 10:36:22,695 [21] INFO StarWarsAPI.Controllers.StarWarsController - GetOpeningCrawl Method start
2020-02-18 10:36:22,711 [39] INFO StarWarsAPI.Controllers.StarWarsController - GetMostAppearedSpecies Method start
2020-02-18 10:39:46,358 [21] INFO StarWarsAPI.Controllers.StarWarsController - GetMostAppeared Method start
2020-02-18 10:39:46,358 [5] INFO StarWarsAPI.Controllers.StarWarsController - GetOpeningCrawl Method start
2020-02-18 10:39:46,362 [23] INFO StarWarsAPI.Controllers.StarWarsController - GetVehiclePilots Method start
2020-02-18 10:39:46,366 [39] INFO StarWarsAPI.Controllers.StarWarsController - GetMostAppearedSpecies Method start
2020-02-18 10:46:41,864 [35] INFO StarWarsAPI.Controllers.StarWarsController - GetOpeningCrawl Method start
2020-02-18 10:46:41,864 [34] INFO StarWarsAPI.Controllers.StarWarsController - GetMostAppearedSpecies Method start
2020-02-18 10:46:41,864 [38] INFO StarWarsAPI.Controllers.StarWarsController - GetMostAppeared Method start
2020-02-18 10:46:41,876 [37] INFO StarWarsAPI.Controllers.StarWarsController - GetVehiclePilots Method start
2020-02-18 10:46:55,785 [35] INFO StarWarsAPI.Controllers.StarWarsController - GetMostAppearedSpecies Method start
2020-02-18 10:46:55,785 [38] INFO StarWarsAPI.Controllers.StarWarsController - GetMostAppeared Method start
2020-02-18 10:46:55,785 [37] INFO StarWarsAPI.Controllers.StarWarsController - GetVehiclePilots Method start
2020-02-18 10:46:55,801 [43] INFO StarWarsAPI.Controllers.StarWarsController - GetOpeningCrawl Method start
2020-02-18 10:51:26,397 [12] INFO StarWarsAPI.Controllers.StarWarsController - GetOpeningCrawl Method start
2020-02-18 10:51:26,397 [8] INFO StarWarsAPI.Controllers.StarWarsController - GetVehiclePilots Method start
2020-02-18 10:51:26,397 [11] INFO StarWarsAPI.Controllers.StarWarsController - GetMostAppeared Method start
2020-02-18 10:51:26,397 [9] INFO StarWarsAPI.Controllers.StarWarsController - GetMostAppearedSpecies Method start
2020-02-18 10:52:54,136 [8] INFO StarWarsAPI.Controllers.StarWarsController - GetOpeningCrawl Method start
2020-02-18 10:52:54,140 [12] INFO StarWarsAPI.Controllers.StarWarsController - GetVehiclePilots Method start
2020-02-18 10:52:54,140 [13] INFO StarWarsAPI.Controllers.StarWarsController - GetMostAppearedSpecies Method start
2020-02-18 10:52:54,136 [9] INFO StarWarsAPI.Controllers.StarWarsController - GetMostAppeared Method start
2020-02-18 10:55:20,274 [8] INFO StarWarsAPI.Controllers.StarWarsController - GetOpeningCrawl Method start
2020-02-18 10:55:20,278 [14] INFO StarWarsAPI.Controllers.StarWarsController - GetVehiclePilots Method start
2020-02-18 10:55:20,278 [9] INFO StarWarsAPI.Controllers.StarWarsController - GetMostAppeared Method start
2020-02-18 10:55:20,278 [13] INFO StarWarsAPI.Controllers.StarWarsController - GetMostAppearedSpecies Method start
2020-02-18 10:55:43,041 [8] INFO StarWarsAPI.Controllers.StarWarsController - GetOpeningCrawl Method start
2020-02-18 10:55:43,056 [9] INFO StarWarsAPI.Controllers.StarWarsController - GetVehiclePilots Method start
2020-02-18 10:55:43,056 [14] INFO StarWarsAPI.Controllers.StarWarsController - GetMostAppearedSpecies Method start
2020-02-18 10:55:43,060 [15] INFO StarWarsAPI.Controllers.StarWarsController - GetMostAppeared Method start
2020-02-18 10:56:11,575 [14] INFO StarWarsAPI.Controllers.StarWarsController - GetMostAppeared Method start
2020-02-18 10:56:11,575 [15] INFO StarWarsAPI.Controllers.StarWarsController - GetOpeningCrawl Method start
2020-02-18 10:56:11,575 [8] INFO StarWarsAPI.Controllers.StarWarsController - GetVehiclePilots Method start
2020-02-18 10:56:11,591 [9] INFO StarWarsAPI.Controllers.StarWarsController - GetMostAppearedSpecies Method start
2020-02-18 11:20:46,722 [10] INFO StarWarsAPI.Controllers.StarWarsController - GetMostAppearedSpecies Method start
2020-02-18 11:20:46,722 [9] INFO StarWarsAPI.Controllers.StarWarsController - GetVehiclePilots Method start
2020-02-18 11:20:46,722 [7] INFO StarWarsAPI.Controllers.StarWarsController - GetMostAppeared Method start
2020-02-18 11:20:46,722 [8] INFO StarWarsAPI.Controllers.StarWarsController - GetOpeningCrawl Method start
2020-02-18 11:21:00,703 [11] INFO StarWarsAPI.Controllers.StarWarsController - GetMostAppearedSpecies Method start
2020-02-18 11:21:00,703 [10] INFO StarWarsAPI.Controllers.StarWarsController - GetMostAppeared Method start
2020-02-18 11:21:00,703 [8] INFO StarWarsAPI.Controllers.StarWarsController - GetOpeningCrawl Method start
2020-02-18 11:21:00,711 [9] INFO StarWarsAPI.Controllers.StarWarsController - GetVehiclePilots Method start
2020-02-18 11:21:19,257 [9] INFO StarWarsAPI.Controllers.StarWarsController - GetOpeningCrawl Method start
2020-02-18 11:21:19,272 [11] INFO StarWarsAPI.Controllers.StarWarsController - GetMostAppeared Method start
2020-02-18 11:21:19,288 [8] INFO StarWarsAPI.Controllers.StarWarsController - GetMostAppearedSpecies Method start
2020-02-18 11:21:19,257 [10] INFO StarWarsAPI.Controllers.StarWarsController - GetVehiclePilots Method start
2020-02-18 11:21:57,782 [10] INFO StarWarsAPI.Controllers.StarWarsController - GetOpeningCrawl Method start
2020-02-18 11:21:57,842 [8] INFO StarWarsAPI.Controllers.StarWarsController - GetVehiclePilots Method start
2020-02-18 11:21:57,894 [11] INFO StarWarsAPI.Controllers.StarWarsController - GetMostAppearedSpecies Method start
2020-02-18 11:21:57,842 [9] INFO StarWarsAPI.Controllers.StarWarsController - GetMostAppeared Method start
2020-02-18 11:22:40,337 [8] INFO StarWarsAPI.Controllers.StarWarsController - GetMostAppearedSpecies Method start
2020-02-18 11:22:40,337 [9] INFO StarWarsAPI.Controllers.StarWarsController - GetMostAppeared Method start
2020-02-18 11:22:40,349 [10] INFO StarWarsAPI.Controllers.StarWarsController - GetVehiclePilots Method start
2020-02-18 11:22:40,384 [13] INFO StarWarsAPI.Controllers.StarWarsController - GetOpeningCrawl Method start
2020-02-18 11:23:45,934 [9] INFO StarWarsAPI.Controllers.StarWarsController - GetMostAppeared Method start
2020-02-18 11:23:45,938 [8] INFO StarWarsAPI.Controllers.StarWarsController - GetOpeningCrawl Method start
2020-02-18 11:23:45,950 [10] INFO StarWarsAPI.Controllers.StarWarsController - GetMostAppearedSpecies Method start
2020-02-18 11:23:45,962 [13] INFO StarWarsAPI.Controllers.StarWarsController - GetVehiclePilots Method start
2020-02-18 11:23:57,631 [9] INFO StarWarsAPI.Controllers.StarWarsController - GetMostAppearedSpecies Method start
2020-02-18 11:23:57,631 [8] INFO StarWarsAPI.Controllers.StarWarsController - GetOpeningCrawl Method start
2020-02-18 11:23:57,631 [10] INFO StarWarsAPI.Controllers.StarWarsController - GetMostAppeared Method start
2020-02-18 11:23:57,631 [15] INFO StarWarsAPI.Controllers.StarWarsController - GetVehiclePilots Method start
2020-02-18 11:25:05,497 [9] INFO StarWarsAPI.Controllers.StarWarsController - GetMostAppeared Method start
2020-02-18 11:25:05,497 [8] INFO StarWarsAPI.Controllers.StarWarsController - GetVehiclePilots Method start
2020-02-18 11:25:05,497 [15] INFO StarWarsAPI.Controllers.StarWarsController - GetOpeningCrawl Method start
2020-02-18 11:25:05,513 [16] INFO StarWarsAPI.Controllers.StarWarsController - GetMostAppearedSpecies Method start
2020-02-18 11:26:02,635 [9] INFO StarWarsAPI.Controllers.StarWarsController - GetMostAppeared Method start
2020-02-18 11:26:02,635 [15] INFO StarWarsAPI.Controllers.StarWarsController - GetVehiclePilots Method start
2020-02-18 11:26:02,651 [16] INFO StarWarsAPI.Controllers.StarWarsController - GetMostAppearedSpecies Method start
2020-02-18 11:26:02,652 [17] INFO StarWarsAPI.Controllers.StarWarsController - GetOpeningCrawl Method start
2020-02-18 11:27:18,437 [9] INFO StarWarsAPI.Controllers.StarWarsController - GetMostAppearedSpecies Method start
2020-02-18 11:27:18,437 [15] INFO StarWarsAPI.Controllers.StarWarsController - GetVehiclePilots Method start
2020-02-18 11:27:18,437 [17] INFO StarWarsAPI.Controllers.StarWarsController - GetMostAppeared Method start
2020-02-18 11:27:18,445 [18] INFO StarWarsAPI.Controllers.StarWarsController - GetOpeningCrawl Method start
2020-02-18 11:27:49,595 [9] INFO StarWarsAPI.Controllers.StarWarsController - GetMostAppeared Method start
2020-02-18 11:27:49,603 [17] INFO StarWarsAPI.Controllers.StarWarsController - GetVehiclePilots Method start
2020-02-18 11:27:49,603 [18] INFO StarWarsAPI.Controllers.StarWarsController - GetMostAppearedSpecies Method start
2020-02-18 11:27:49,607 [20] INFO StarWarsAPI.Controllers.StarWarsController - GetOpeningCrawl Method start
2020-02-18 13:00:07,711 [42] INFO StarWarsAPI.Controllers.StarWarsController - GetOpeningCrawl Method start
2020-02-18 13:00:07,711 [44] INFO StarWarsAPI.Controllers.StarWarsController - GetMostAppearedSpecies Method start
2020-02-18 13:00:07,711 [45] INFO StarWarsAPI.Controllers.StarWarsController - GetVehiclePilots Method start
2020-02-18 13:00:07,711 [46] INFO StarWarsAPI.Controllers.StarWarsController - GetMostAppeared Method start
2020-02-18 13:01:23,871 [45] INFO StarWarsAPI.Controllers.StarWarsController - GetMostAppeared Method start
2020-02-18 13:01:23,871 [44] INFO StarWarsAPI.Controllers.StarWarsController - GetOpeningCrawl Method start
2020-02-18 13:01:23,871 [42] INFO StarWarsAPI.Controllers.StarWarsController - GetVehiclePilots Method start
2020-02-18 13:01:23,885 [46] INFO StarWarsAPI.Controllers.StarWarsController - GetMostAppearedSpecies Method start
2020-02-18 13:03:08,767 [47] INFO StarWarsAPI.Controllers.StarWarsController - GetMostAppeared Method start
2020-02-18 13:03:08,767 [46] INFO StarWarsAPI.Controllers.StarWarsController - GetMostAppearedSpecies Method start
2020-02-18 13:03:08,767 [49] INFO StarWarsAPI.Controllers.StarWarsController - GetVehiclePilots Method start
2020-02-18 13:03:08,767 [48] INFO StarWarsAPI.Controllers.StarWarsController - GetOpeningCrawl Method start
2020-02-18 13:03:23,432 [46] INFO StarWarsAPI.Controllers.StarWarsController - GetOpeningCrawl Method start
2020-02-18 13:03:23,432 [48] INFO StarWarsAPI.Controllers.StarWarsController - GetMostAppearedSpecies Method start
2020-02-18 13:03:23,432 [47] INFO StarWarsAPI.Controllers.StarWarsController - GetMostAppeared Method start
2020-02-18 13:03:23,448 [49] INFO StarWarsAPI.Controllers.StarWarsController - GetVehiclePilots Method start
2020-02-18 13:03:56,560 [50] INFO StarWarsAPI.Controllers.StarWarsController - GetOpeningCrawl Method start
2020-02-18 13:03:56,568 [51] INFO StarWarsAPI.Controllers.StarWarsController - GetMostAppearedSpecies Method start
2020-02-18 13:03:56,568 [52] INFO StarWarsAPI.Controllers.StarWarsController - GetVehiclePilots Method start
2020-02-18 13:03:56,560 [49] INFO StarWarsAPI.Controllers.StarWarsController - GetMostAppeared Method start
2020-02-18 13:07:32,565 [49] INFO StarWarsAPI.Controllers.StarWarsController - GetOpeningCrawl Method start
2020-02-18 13:07:32,565 [50] INFO StarWarsAPI.Controllers.StarWarsController - GetMostAppearedSpecies Method start
2020-02-18 13:07:32,565 [40] INFO StarWarsAPI.Controllers.StarWarsController - GetVehiclePilots Method start
2020-02-18 13:07:32,581 [39] INFO StarWarsAPI.Controllers.StarWarsController - GetMostAppeared Method start
2020-02-18 13:08:33,180 [50] INFO StarWarsAPI.Controllers.StarWarsController - GetMostAppeared Method start
2020-02-18 13:08:33,180 [39] INFO StarWarsAPI.Controllers.StarWarsController - GetOpeningCrawl Method start
2020-02-18 13:08:33,180 [40] INFO StarWarsAPI.Controllers.StarWarsController - GetMostAppearedSpecies Method start
2020-02-18 13:08:33,184 [34] INFO StarWarsAPI.Controllers.StarWarsController - GetVehiclePilots Method start
2020-02-18 13:09:10,438 [40] INFO StarWarsAPI.Controllers.StarWarsController - GetVehiclePilots Method start
2020-02-18 13:09:10,438 [50] INFO StarWarsAPI.Controllers.StarWarsController - GetOpeningCrawl Method start
2020-02-18 13:09:10,438 [39] INFO StarWarsAPI.Controllers.StarWarsController - GetMostAppeared Method start
2020-02-18 13:09:10,442 [49] INFO StarWarsAPI.Controllers.StarWarsController - GetMostAppearedSpecies Method start
2020-02-18 13:19:28,187 [29] INFO StarWarsAPI.Controllers.StarWarsController - GetVehiclePilots Method start
2020-02-18 13:19:28,187 [22] INFO StarWarsAPI.Controllers.StarWarsController - GetOpeningCrawl Method start
2020-02-18 13:19:28,187 [26] INFO StarWarsAPI.Controllers.StarWarsController - GetMostAppearedSpecies Method start
2020-02-18 13:19:28,187 [27] INFO StarWarsAPI.Controllers.StarWarsController - GetMostAppeared Method start
2020-02-18 13:23:36,598 [19] INFO StarWarsAPI.Controllers.StarWarsController - GetMostAppearedSpecies Method start
2020-02-18 13:23:36,598 [23] INFO StarWarsAPI.Controllers.StarWarsController - GetVehiclePilots Method start
2020-02-18 13:23:36,598 [29] INFO StarWarsAPI.Controllers.StarWarsController - GetOpeningCrawl Method start
2020-02-18 13:23:36,602 [22] INFO StarWarsAPI.Controllers.StarWarsController - GetMostAppeared Method start
2020-02-18 13:24:11,396 [23] INFO StarWarsAPI.Controllers.StarWarsController - GetOpeningCrawl Method start
2020-02-18 13:24:11,396 [19] INFO StarWarsAPI.Controllers.StarWarsController - GetVehiclePilots Method start
2020-02-18 13:24:11,400 [18] INFO StarWarsAPI.Controllers.StarWarsController - GetMostAppearedSpecies Method start
2020-02-18 13:24:11,400 [20] INFO StarWarsAPI.Controllers.StarWarsController - GetMostAppeared Method start
2020-02-18 13:24:41,963 [23] INFO StarWarsAPI.Controllers.StarWarsController - GetOpeningCrawl Method start
2020-02-18 13:24:41,963 [19] INFO StarWarsAPI.Controllers.StarWarsController - GetMostAppeared Method start
2020-02-18 13:24:41,963 [18] INFO StarWarsAPI.Controllers.StarWarsController - GetMostAppearedSpecies Method start
2020-02-18 13:24:41,967 [20] INFO StarWarsAPI.Controllers.StarWarsController - GetVehiclePilots Method start
2020-02-18 13:27:06,462 [18] INFO StarWarsAPI.Controllers.StarWarsController - GetOpeningCrawl Method start
2020-02-18 13:27:06,462 [17] INFO StarWarsAPI.Controllers.StarWarsController - GetVehiclePilots Method start
2020-02-18 13:27:06,466 [20] INFO StarWarsAPI.Controllers.StarWarsController - GetMostAppeared Method start
2020-02-18 13:27:06,466 [14] INFO StarWarsAPI.Controllers.StarWarsController - GetMostAppearedSpecies Method start
2020-02-18 13:29:42,141 [18] INFO StarWarsAPI.Controllers.StarWarsController - GetOpeningCrawl Method start
2020-02-18 13:29:42,157 [14] INFO StarWarsAPI.Controllers.StarWarsController - GetMostAppearedSpecies Method start
2020-02-18 13:29:42,161 [53] INFO StarWarsAPI.Controllers.StarWarsController - GetMostAppeared Method start
2020-02-18 13:29:42,165 [13] INFO StarWarsAPI.Controllers.StarWarsController - GetVehiclePilots Method start
2020-02-18 13:31:31,589 [25] INFO StarWarsAPI.Controllers.StarWarsController - GetMostAppearedSpecies Method start
2020-02-18 13:31:31,589 [14] INFO StarWarsAPI.Controllers.StarWarsController - GetVehiclePilots Method start
2020-02-18 13:31:31,589 [18] INFO StarWarsAPI.Controllers.StarWarsController - GetMostAppeared Method start
2020-02-18 13:31:31,589 [53] INFO StarWarsAPI.Controllers.StarWarsController - GetOpeningCrawl Method start
2020-02-18 13:33:35,110 [22] INFO StarWarsAPI.Controllers.StarWarsController - GetVehiclePilots Method start
2020-02-18 13:33:35,110 [21] INFO StarWarsAPI.Controllers.StarWarsController - GetOpeningCrawl Method start
2020-02-18 13:33:35,110 [53] INFO StarWarsAPI.Controllers.StarWarsController - GetMostAppeared Method start
2020-02-18 13:33:35,110 [25] INFO StarWarsAPI.Controllers.StarWarsController - GetMostAppearedSpecies Method start
2020-02-18 13:44:58,292 [27] INFO StarWarsAPI.Controllers.StarWarsController - GetOpeningCrawl Method start
2020-02-18 13:44:58,292 [33] INFO StarWarsAPI.Controllers.StarWarsController - GetVehiclePilots Method start
2020-02-18 13:44:58,292 [26] INFO StarWarsAPI.Controllers.StarWarsController - GetMostAppeared Method start
2020-02-18 13:44:58,292 [31] INFO StarWarsAPI.Controllers.StarWarsController - GetMostAppearedSpecies Method start
2020-02-18 14:06:44,883 [41] INFO StarWarsAPI.Controllers.StarWarsController - GetMostAppeared Method start
2020-02-18 14:06:44,883 [38] INFO StarWarsAPI.Controllers.StarWarsController - GetOpeningCrawl Method start
2020-02-18 14:06:44,883 [31] INFO StarWarsAPI.Controllers.StarWarsController - GetVehiclePilots Method start
2020-02-18 14:06:44,895 [43] INFO StarWarsAPI.Controllers.StarWarsController - GetMostAppearedSpecies Method start
2020-02-18 14:07:36,544 [52] INFO StarWarsAPI.Controllers.StarWarsController - GetOpeningCrawl Method start
2020-02-18 14:07:36,544 [31] INFO StarWarsAPI.Controllers.StarWarsController - GetMostAppeared Method start
2020-02-18 14:07:36,544 [41] INFO StarWarsAPI.Controllers.StarWarsController - GetVehiclePilots Method start
2020-02-18 14:07:36,544 [38] INFO StarWarsAPI.Controllers.StarWarsController - GetMostAppearedSpecies Method start
2020-02-18 14:07:50,343 [43] INFO StarWarsAPI.Controllers.StarWarsController - GetMostAppeared Method start
2020-02-18 14:07:50,343 [41] INFO StarWarsAPI.Controllers.StarWarsController - GetOpeningCrawl Method start
2020-02-18 14:07:50,343 [31] INFO StarWarsAPI.Controllers.StarWarsController - GetMostAppearedSpecies Method start
2020-02-18 14:07:50,343 [38] INFO StarWarsAPI.Controllers.StarWarsController - GetVehiclePilots Method start
2020-02-18 14:08:46,704 [31] INFO StarWarsAPI.Controllers.StarWarsController - GetMostAppearedSpecies Method start
2020-02-18 14:08:46,704 [38] INFO StarWarsAPI.Controllers.StarWarsController - GetMostAppeared Method start
2020-02-18 14:08:46,704 [41] INFO StarWarsAPI.Controllers.StarWarsController - GetVehiclePilots Method start
2020-02-18 14:08:46,704 [43] INFO StarWarsAPI.Controllers.StarWarsController - GetOpeningCrawl Method start
2020-02-18 14:09:23,199 [43] INFO StarWarsAPI.Controllers.StarWarsController - GetMostAppeared Method start
2020-02-18 14:09:23,199 [41] INFO StarWarsAPI.Controllers.StarWarsController - GetOpeningCrawl Method start
2020-02-18 14:09:23,203 [52] INFO StarWarsAPI.Controllers.StarWarsController - GetVehiclePilots Method start
2020-02-18 14:09:23,203 [31] INFO StarWarsAPI.Controllers.StarWarsController - GetMostAppearedSpecies Method start
2020-02-18 14:10:29,359 [31] INFO StarWarsAPI.Controllers.StarWarsController - GetOpeningCrawl Method start
2020-02-18 14:10:29,359 [38] INFO StarWarsAPI.Controllers.StarWarsController - GetMostAppeared Method start
2020-02-18 14:10:29,359 [41] INFO StarWarsAPI.Controllers.StarWarsController - GetMostAppearedSpecies Method start
2020-02-18 14:10:29,359 [43] INFO StarWarsAPI.Controllers.StarWarsController - GetVehiclePilots Method start
2020-02-18 14:10:58,446 [31] INFO StarWarsAPI.Controllers.StarWarsController - GetMostAppeared Method start
2020-02-18 14:10:58,450 [41] INFO StarWarsAPI.Controllers.StarWarsController - GetMostAppearedSpecies Method start
2020-02-18 14:10:58,450 [38] INFO StarWarsAPI.Controllers.StarWarsController - GetOpeningCrawl Method start
2020-02-18 14:10:58,466 [43] INFO StarWarsAPI.Controllers.StarWarsController - GetVehiclePilots Method start
2020-02-18 14:13:13,575 [41] INFO StarWarsAPI.Controllers.StarWarsController - GetOpeningCrawl Method start
2020-02-18 14:13:13,575 [43] INFO StarWarsAPI.Controllers.StarWarsController - GetMostAppearedSpecies Method start
2020-02-18 14:13:13,575 [31] INFO StarWarsAPI.Controllers.StarWarsController - GetMostAppeared Method start
2020-02-18 14:13:13,575 [52] INFO StarWarsAPI.Controllers.StarWarsController - GetVehiclePilots Method start
2020-02-18 14:13:43,622 [41] INFO StarWarsAPI.Controllers.StarWarsController - GetMostAppeared Method start
2020-02-18 14:13:43,622 [31] INFO StarWarsAPI.Controllers.StarWarsController - GetMostAppearedSpecies Method start
2020-02-18 14:13:43,622 [43] INFO StarWarsAPI.Controllers.StarWarsController - GetOpeningCrawl Method start
2020-02-18 14:13:43,640 [52] INFO StarWarsAPI.Controllers.StarWarsController - GetVehiclePilots Method start
2020-02-18 15:15:58,632 [5] INFO StarWarsAPI.Controllers.StarWarsController - GetMostAppearedSpecies Method start
2020-02-18 15:15:58,636 [7] INFO StarWarsAPI.Controllers.StarWarsController - GetMostAppeared Method start
2020-02-18 15:15:58,637 [6] INFO StarWarsAPI.Controllers.StarWarsController - GetOpeningCrawl Method start
2020-02-18 15:15:58,637 [8] INFO StarWarsAPI.Controllers.StarWarsController - GetVehiclePilots Method start
2020-02-18 15:16:16,069 [5] INFO StarWarsAPI.Controllers.StarWarsController - GetMostAppeared Method start
2020-02-18 15:16:16,069 [6] INFO StarWarsAPI.Controllers.StarWarsController - GetMostAppearedSpecies Method start
2020-02-18 15:16:16,069 [7] INFO StarWarsAPI.Controllers.StarWarsController - GetOpeningCrawl Method start
2020-02-18 15:16:16,069 [8] INFO StarWarsAPI.Controllers.StarWarsController - GetVehiclePilots Method start
